[2026-03-06 00:46:16] ==================================================
[2026-03-06 00:46:16] 定时优化任务启动
[2026-03-06 00:46:16] 执行间隔: 30 分钟
[2026-03-06 00:46:16] ==================================================
[2026-03-06 00:46:16] 🚀 开始优化任务...
[2026-03-06 00:46:20] ✅ 优化完成
[2026-03-06 00:46:20] 下次执行: 01:16:16
[2026-03-06 01:16:20] 🚀 开始优化任务...
[2026-03-06 01:16:43] ✅ 优化完成
[2026-03-06 01:16:43] 下次执行: 01:46:20
[2026-03-06 01:44:12] 收到停止信号，退出...
[2026-03-06 01:44:13] ==================================================
[2026-03-06 01:44:13] 定时优化任务启动
[2026-03-06 01:44:13] 执行间隔: 15 分钟
[2026-03-06 01:44:13] ==================================================
[2026-03-06 01:44:13] 🚀 开始优化任务...
[2026-03-06 01:44:31] ✅ 优化完成
[2026-03-06 01:44:31] 下次执行: 01:59:13
[2026-03-06 01:59:31] 🚀 开始优化任务...
[2026-03-06 01:59:50] ✅ 优化完成
[2026-03-06 01:59:50] 下次执行: 02:14:31
[2026-03-06 02:14:50] 🚀 开始优化任务...
[2026-03-06 02:15:13] ✅ 优化完成
[2026-03-06 02:15:13] 下次执行: 02:29:50
[2026-03-06 02:30:13] 🚀 开始优化任务...
[2026-03-06 02:30:32] ✅ 优化完成
[2026-03-06 02:30:32] 下次执行: 02:45:13
[2026-03-06 02:45:32] 🚀 开始优化任务...
[2026-03-06 02:45:53] ✅ 优化完成
[2026-03-06 02:45:53] 下次执行: 03:00:32
[2026-03-06 03:00:53] 🚀 开始优化任务...
[2026-03-06 03:01:13] ✅ 优化完成
[2026-03-06 03:01:13] 下次执行: 03:15:53
[2026-03-06 03:16:13] 🚀 开始优化任务...
[2026-03-06 03:16:32] ✅ 优化完成
[2026-03-06 03:16:32] 下次执行: 03:31:13
[2026-03-06 03:31:32] 🚀 开始优化任务...
[2026-03-06 03:31:54] ✅ 优化完成
[2026-03-06 03:31:54] 下次执行: 03:46:32
[2026-03-06 03:46:54] 🚀 开始优化任务...
[2026-03-06 03:47:12] ✅ 优化完成
[2026-03-06 03:47:12] 下次执行: 04:01:54
[2026-03-06 04:02:12] 🚀 开始优化任务...
[2026-03-06 04:02:30] ✅ 优化完成
[2026-03-06 04:02:30] 下次执行: 04:17:12
[2026-03-06 04:17:31] 🚀 开始优化任务...
[2026-03-06 04:17:51] ✅ 优化完成
[2026-03-06 04:17:51] 下次执行: 04:32:31
[2026-03-06 04:32:51] 🚀 开始优化任务...
[2026-03-06 04:33:10] ✅ 优化完成
[2026-03-06 04:33:10] 下次执行: 04:47:51
[2026-03-06 04:48:10] 🚀 开始优化任务...
[2026-03-06 04:48:29] ✅ 优化完成
[2026-03-06 04:48:29] 下次执行: 05:03:10
[2026-03-06 05:03:30] 🚀 开始优化任务...
[2026-03-06 05:03:48] ✅ 优化完成
[2026-03-06 05:03:48] 下次执行: 05:18:30
[2026-03-06 05:18:48] 🚀 开始优化任务...
[2026-03-06 05:19:10] ✅ 优化完成
[2026-03-06 05:19:10] 下次执行: 05:33:48
[2026-03-06 05:34:10] 🚀 开始优化任务...
[2026-03-06 05:34:33] ✅ 优化完成
[2026-03-06 05:34:33] 下次执行: 05:49:10
[2026-03-06 05:49:33] 🚀 开始优化任务...
[2026-03-06 05:49:52] ✅ 优化完成
[2026-03-06 05:49:52] 下次执行: 06:04:33
[2026-03-06 06:04:53] 🚀 开始优化任务...
[2026-03-06 06:05:12] ✅ 优化完成
[2026-03-06 06:05:12] 下次执行: 06:19:53
[2026-03-06 06:20:12] 🚀 开始优化任务...
[2026-03-06 06:20:32] ✅ 优化完成
[2026-03-06 06:20:32] 下次执行: 06:35:12
[2026-03-06 06:35:32] 🚀 开始优化任务...
[2026-03-06 06:35:55] ✅ 优化完成
[2026-03-06 06:35:55] 下次执行: 06:50:32
[2026-03-06 06:50:53] 🚀 开始优化任务...
[2026-03-06 06:51:13] ✅ 优化完成
[2026-03-06 06:51:13] 下次执行: 07:05:53
[2026-03-06 07:06:13] 🚀 开始优化任务...
[2026-03-06 07:06:32] ✅ 优化完成
[2026-03-06 07:06:32] 下次执行: 07:21:13
[2026-03-06 07:21:32] 🚀 开始优化任务...
[2026-03-06 07:21:56] ✅ 优化完成
[2026-03-06 07:21:56] 下次执行: 07:36:32
[2026-03-06 07:36:56] 🚀 开始优化任务...
[2026-03-06 07:37:20] ✅ 优化完成
[2026-03-06 07:37:20] 下次执行: 07:51:56
[2026-03-06 07:52:20] 🚀 开始优化任务...
[2026-03-06 07:52:40] ✅ 优化完成
[2026-03-06 07:52:40] 下次执行: 08:07:20
[2026-03-06 08:07:40] 🚀 开始优化任务...
[2026-03-06 08:07:58] ✅ 优化完成
[2026-03-06 08:07:58] 下次执行: 08:22:40
[2026-03-06 08:22:59] 🚀 开始优化任务...
[2026-03-06 08:23:19] ✅ 优化完成
[2026-03-06 08:23:19] 下次执行: 08:37:59
[2026-03-06 08:38:19] 🚀 开始优化任务...
[2026-03-06 08:38:39] ✅ 优化完成
[2026-03-06 08:38:39] 下次执行: 08:53:19
[2026-03-06 08:53:39] 🚀 开始优化任务...
[2026-03-06 08:53:58] ✅ 优化完成
[2026-03-06 08:53:58] 下次执行: 09:08:39
[2026-03-06 09:09:01] 🚀 开始优化任务...
[2026-03-06 09:09:24] ✅ 优化完成
[2026-03-06 09:09:24] 下次执行: 09:24:01
[2026-03-06 09:24:24] 🚀 开始优化任务...
[2026-03-06 09:24:43] ✅ 优化完成
[2026-03-06 09:24:43] 下次执行: 09:39:24
[2026-03-06 09:39:43] 🚀 开始优化任务...
[2026-03-06 09:40:05] ✅ 优化完成
[2026-03-06 09:40:05] 下次执行: 09:54:43
[2026-03-06 09:55:05] 🚀 开始优化任务...
[2026-03-06 09:55:27] ✅ 优化完成
[2026-03-06 09:55:27] 下次执行: 10:10:05
[2026-03-06 10:10:27] 🚀 开始优化任务...
[2026-03-06 10:11:10] ✅ 优化完成
[2026-03-06 10:11:10] 下次执行: 10:25:27
[2026-03-06 10:33:15] 🚀 开始优化任务...
[2026-03-06 10:34:16] ✅ 优化完成
[2026-03-06 10:34:16] 下次执行: 10:48:15
[2026-03-06 10:48:16] 🚀 开始优化任务...
